[www.qubitech.es/eugenio-navarro/index.html]
[backblue.gif]
[fade.gif]
[index.html]
[www.qubitech.es/wp-includes/css/dist/block-library/style.min5697.css]
[www.qubitech.es/wp-content/themes/hello-elementor/style.min3601.css]
[www.qubitech.es/wp-content/themes/hello-elementor/theme.min3601.css]
[www.qubitech.es/wp-content/plugins/elementor/assets/lib/eicons/css/elementor-icons.min74e5.css]
[www.qubitech.es/wp-content/plugins/elementor/assets/lib/animations/animations.min2a45.css]
[www.qubitech.es/wp-content/plugins/elementor/assets/css/frontend-legacy.min2a45.css]
[www.qubitech.es/wp-content/plugins/elementor/assets/css/frontend.min2a45.css]
[www.qubitech.es/wp-content/uploads/elementor/css/post-6774b92.css]
[www.qubitech.es/wp-content/plugins/elementor-pro/assets/css/frontend.min7c45.css]
[www.qubitech.es/wp-content/uploads/elementor/css/post-8420e6a.css]
[www.qubitech.es/wp-content/plugins/elementor/assets/lib/font-awesome/css/fontawesome.minb683.css]
[www.qubitech.es/wp-content/plugins/elementor/assets/lib/font-awesome/css/solid.minb683.css]
[www.qubitech.es/wp-content/plugins/elementor/assets/lib/font-awesome/css/brands.minb683.css]
[www.qubitech.es/wp-includes/js/jquery/jquery4a5f.js]
[www.qubitech.es/wp-content/plugins/duracelltomi-google-tag-manager/js/gtm4wp-form-move-tracker34e4.js]
[www.qubitech.es/wp-content/uploads/2020/10/imagen_2020-10-29_154013.png]
[www.qubitech.es/wp-content/uploads/2020/10/imagen_2020-10-29_125529.png]
[www.qubitech.es/wp-content/uploads/2020/10/imagen_2020-10-29_140545.png]
[www.qubitech.es/wp-content/uploads/elementor/css/post-7159fcd.css]
[www.qubitech.es/wp-includes/js/wp-embed.min5697.js]
[www.qubitech.es/wp-content/plugins/elementor/assets/js/frontend-modules.min2a45.js]
[www.qubitech.es/wp-content/plugins/elementor-pro/assets/lib/sticky/jquery.sticky.min7c45.js]
[www.qubitech.es/wp-content/plugins/elementor-pro/assets/js/frontend.min7c45.js]
[www.qubitech.es/wp-includes/js/jquery/ui/position.mine899.js]
[www.qubitech.es/wp-content/plugins/elementor/assets/lib/dialog/dialog.mina288.js]
[www.qubitech.es/wp-content/plugins/elementor/assets/lib/waypoints/waypoints.min05da.js]
[www.qubitech.es/wp-content/plugins/elementor/assets/lib/share-link/share-link.min2a45.js]
[www.qubitech.es/wp-content/plugins/elementor/assets/lib/swiper/swiper.min48f5.js]
[www.qubitech.es/eugenio-navarro/index.html]
[www.qubitech.es/wp-includes/css/dist/block-library/style.min5697.css]
[www.qubitech.es/wp-content/themes/hello-elementor/style.min3601.css]
[www.qubitech.es/wp-content/themes/hello-elementor/theme.min3601.css]
[www.qubitech.es/wp-content/plugins/elementor/assets/lib/eicons/css/elementor-icons.min74e5.css]
[www.qubitech.es/wp-content/plugins/elementor/assets/lib/animations/animations.min2a45.css]
[www.qubitech.es/wp-content/plugins/elementor/assets/css/frontend-legacy.min2a45.css]
[www.qubitech.es/wp-content/plugins/elementor/assets/css/frontend.min2a45.css]
[www.qubitech.es/wp-content/uploads/elementor/css/post-6774b92.css]
[www.qubitech.es/wp-content/plugins/elementor-pro/assets/css/frontend.min7c45.css]
[www.qubitech.es/wp-content/plugins/elementor/assets/js/frontend.min2a45.js]
[www.qubitech.es/wp-content/uploads/2020/10/bg-circle.png]
[www.qubitech.es/wp-content/uploads/2020/10/home-intro-obj.png]
[www.qubitech.es/wp-content/uploads/2020/10/bg-testi.png]
[www.qubitech.es/wp-content/uploads/elementor/css/post-8420e6a.css]
[www.qubitech.es/wp-content/uploads/elementor/css/post-7029fcd.css]
[www.qubitech.es/wp-content/plugins/elementor/assets/lib/font-awesome/css/fontawesome.minb683.css]
[www.qubitech.es/wp-content/plugins/elementor/assets/lib/font-awesome/css/solid.minb683.css]
[www.qubitech.es/wp-content/plugins/elementor/assets/lib/font-awesome/css/brands.minb683.css]
[www.qubitech.es/wp-content/uploads/elementor/css/post-7159fcd.css]
